# JRE version: OpenJDK Runtime Environment Temurin-21.0.7+6 (21.0.7+6) (build 21.0.7+6-LTS)
# Java VM: OpenJDK 64-Bit Server VM Temurin-21.0.7+6 (21.0.7+6-LTS, mixed mode, sharing, tiered, compressed oops, compressed class ptrs, g1 gc, windows-amd64)
GC Precious Log:
 CardTable entry size: 512
 Card Set container configuration: InlinePtr #cards 4 size 8 Array Of Cards #cards 32 size 80 Howl #buckets 8 coarsen threshold 7372 Howl Bitmap #cards 1024 size 144 coarsen threshold 921 Card regions per heap region 1 cards per card region 8192
 CPUs: 16 total, 16 available
 Memory: 32440M
 Large Page Support: Disabled
 NUMA Support: Disabled
 Compressed Oops: Enabled (Zero based)
 Heap Region Size: 4M
 Heap Min Capacity: 8M
 Heap Initial Capacity: 508M
 Heap Max Capacity: 8112M
 Pre-touch: Disabled
 Parallel Workers: 13
 Concurrent Workers: 3
 Concurrent Refinement Workers: 13
 Periodic GC: Disabled
Heap:
 garbage-first heap   total 294912K, used 54964K [0x0000000605000000, 0x0000000800000000)
  region size 4096K, 8 young (32768K), 1 survivors (4096K)
 Metaspace       used 68110K, committed 68800K, reserved 1114112K
  class space    used 8990K, committed 9280K, reserved 1048576K
GC Heap History (20 events):
Event: 1.844 GC heap before
{Heap before GC invocations=2 (full 0):
 garbage-first heap   total 520192K, used 74854K [0x0000000605000000, 0x0000000800000000)
  region size 4096K, 18 young (73728K), 1 survivors (4096K)
 Metaspace       used 21159K, committed 21504K, reserved 1114112K
  class space    used 2629K, committed 2816K, reserved 1048576K
}
Event: 1.848 GC heap after
{Heap after GC invocations=3 (full 0):
 garbage-first heap   total 520192K, used 14462K [0x0000000605000000, 0x0000000800000000)
  region size 4096K, 2 young (8192K), 2 survivors (8192K)
 Metaspace       used 21159K, committed 21504K, reserved 1114112K
  class space    used 2629K, committed 2816K, reserved 1048576K
}
Event: 2.718 GC heap before
{Heap before GC invocations=4 (full 0):
 garbage-first heap   total 57344K, used 55422K [0x0000000605000000, 0x0000000800000000)
  region size 4096K, 12 young (49152K), 2 survivors (8192K)
 Metaspace       used 26202K, committed 26560K, reserved 1114112K
  class space    used 3227K, committed 3392K, reserved 1048576K
}
Event: 2.725 GC heap after
{Heap after GC invocations=5 (full 0):
 garbage-first heap   total 69632K, used 17848K [0x0000000605000000, 0x0000000800000000)
  region size 4096K, 3 young (12288K), 3 survivors (12288K)
 Metaspace       used 26202K, committed 26560K, reserved 1114112K
  class space    used 3227K, committed 3392K, reserved 1048576K
}
Event: 3.302 GC heap before
{Heap before GC invocations=5 (full 0):
 garbage-first heap   total 69632K, used 46520K [0x0000000605000000, 0x0000000800000000)
  region size 4096K, 10 young (40960K), 3 survivors (12288K)
 Metaspace       used 29581K, committed 30016K, reserved 1114112K
  class space    used 3640K, committed 3840K, reserved 1048576K
}
Event: 3.310 GC heap after
{Heap after GC invocations=6 (full 0):
 garbage-first heap   total 69632K, used 19612K [0x0000000605000000, 0x0000000800000000)
  region size 4096K, 2 young (8192K), 2 survivors (8192K)
 Metaspace       used 29581K, committed 30016K, reserved 1114112K
  class space    used 3640K, committed 3840K, reserved 1048576K
}
Event: 4.139 GC heap before
{Heap before GC invocations=6 (full 0):
 garbage-first heap   total 69632K, used 48284K [0x0000000605000000, 0x0000000800000000)
  region size 4096K, 9 young (36864K), 2 survivors (8192K)
 Metaspace       used 35079K, committed 35584K, reserved 1114112K
  class space    used 4366K, committed 4608K, reserved 1048576K
}
Event: 4.144 GC heap after
{Heap after GC invocations=7 (full 0):
 garbage-first heap   total 69632K, used 22047K [0x0000000605000000, 0x0000000800000000)
  region size 4096K, 2 young (8192K), 2 survivors (8192K)
 Metaspace       used 35079K, committed 35584K, reserved 1114112K
  class space    used 4366K, committed 4608K, reserved 1048576K
}
Event: 4.253 GC heap before
{Heap before GC invocations=7 (full 0):
 garbage-first heap   total 69632K, used 22047K [0x0000000605000000, 0x0000000800000000)
  region size 4096K, 3 young (12288K), 2 survivors (8192K)
 Metaspace       used 35458K, committed 35968K, reserved 1114112K
  class space    used 4416K, committed 4672K, reserved 1048576K
}
Event: 4.256 GC heap after
{Heap after GC invocations=8 (full 0):
 garbage-first heap   total 69632K, used 22653K [0x0000000605000000, 0x0000000800000000)
  region size 4096K, 1 young (4096K), 1 survivors (4096K)
 Metaspace       used 35458K, committed 35968K, reserved 1114112K
  class space    used 4416K, committed 4672K, reserved 1048576K
}
Event: 4.993 GC heap before
{Heap before GC invocations=9 (full 0):
 garbage-first heap   total 69632K, used 51325K [0x0000000605000000, 0x0000000800000000)
  region size 4096K, 8 young (32768K), 1 survivors (4096K)
 Metaspace       used 41580K, committed 42112K, reserved 1114112K
  class space    used 5350K, committed 5568K, reserved 1048576K
}
Event: 4.995 GC heap after
{Heap after GC invocations=10 (full 0):
 garbage-first heap   total 69632K, used 24055K [0x0000000605000000, 0x0000000800000000)
  region size 4096K, 1 young (4096K), 1 survivors (4096K)
 Metaspace       used 41580K, committed 42112K, reserved 1114112K
  class space    used 5350K, committed 5568K, reserved 1048576K
}
Event: 5.812 GC heap before
{Heap before GC invocations=10 (full 0):
 garbage-first heap   total 69632K, used 52727K [0x0000000605000000, 0x0000000800000000)
  region size 4096K, 8 young (32768K), 1 survivors (4096K)
 Metaspace       used 48801K, committed 49344K, reserved 1114112K
  class space    used 6293K, committed 6528K, reserved 1048576K
}
Event: 5.815 GC heap after
{Heap after GC invocations=11 (full 0):
 garbage-first heap   total 69632K, used 25843K [0x0000000605000000, 0x0000000800000000)
  region size 4096K, 1 young (4096K), 1 survivors (4096K)
 Metaspace       used 48801K, committed 49344K, reserved 1114112K
  class space    used 6293K, committed 6528K, reserved 1048576K
}
Event: 6.317 GC heap before
{Heap before GC invocations=11 (full 0):
 garbage-first heap   total 69632K, used 54515K [0x0000000605000000, 0x0000000800000000)
  region size 4096K, 8 young (32768K), 1 survivors (4096K)
 Metaspace       used 55823K, committed 56384K, reserved 1114112K
  class space    used 7211K, committed 7424K, reserved 1048576K
}
Event: 6.321 GC heap after
{Heap after GC invocations=12 (full 0):
 garbage-first heap   total 69632K, used 27373K [0x0000000605000000, 0x0000000800000000)
  region size 4096K, 1 young (4096K), 1 survivors (4096K)
 Metaspace       used 55823K, committed 56384K, reserved 1114112K
  class space    used 7211K, committed 7424K, reserved 1048576K
}
Event: 6.675 GC heap before
{Heap before GC invocations=12 (full 0):
 garbage-first heap   total 69632K, used 47853K [0x0000000605000000, 0x0000000800000000)
  region size 4096K, 7 young (28672K), 1 survivors (4096K)
 Metaspace       used 59488K, committed 60096K, reserved 1114112K
  class space    used 7806K, committed 8064K, reserved 1048576K
}
Event: 6.678 GC heap after
{Heap after GC invocations=13 (full 0):
 garbage-first heap   total 69632K, used 28157K [0x0000000605000000, 0x0000000800000000)
  region size 4096K, 1 young (4096K), 1 survivors (4096K)
 Metaspace       used 59488K, committed 60096K, reserved 1114112K
  class space    used 7806K, committed 8064K, reserved 1048576K
}
Event: 8.337 GC heap before
{Heap before GC invocations=14 (full 0):
 garbage-first heap   total 69632K, used 56829K [0x0000000605000000, 0x0000000800000000)
  region size 4096K, 8 young (32768K), 1 survivors (4096K)
 Metaspace       used 64212K, committed 64832K, reserved 1114112K
  class space    used 8504K, committed 8768K, reserved 1048576K
}
Event: 8.343 GC heap after
{Heap after GC invocations=15 (full 0):
 garbage-first heap   total 294912K, used 30388K [0x0000000605000000, 0x0000000800000000)
  region size 4096K, 1 young (4096K), 1 survivors (4096K)
 Metaspace       used 64212K, committed 64832K, reserved 1114112K
  class space    used 8504K, committed 8768K, reserved 1048576K
}

